
 system.count(user_agent)
--------------------------
                      539

(1 rows)

Warnings :
Aggregation query used without partition key


 system.count(user_agent)
--------------------------
                     1815

(1 rows)

Warnings :
Aggregation query used without partition key


 system.count(user_agent)
--------------------------
                       78

(1 rows)

Warnings :
Aggregation query used without partition key


 system.count(user_agent)
--------------------------
                       89

(1 rows)

Warnings :
Aggregation query used without partition key

